<?xml version="1.0" encoding="utf-8"?><testsuites name="pytest tests"><testsuite name="pytest" errors="0" failures="0" skipped="0" tests="13" time="3.543" timestamp="2026-04-09T09:59:10.941169+00:00" hostname="agent-env-b99064ef-8668-4386-8e90-0660001faafd"><testcase classname="tests.test_new_features.TestPdfReportGeneration" name="test_pdf_report_returns_200_for_existing_valuation" time="0.204" /><testcase classname="tests.test_new_features.TestPdfReportGeneration" name="test_pdf_report_returns_valid_pdf_content_type" time="0.141" /><testcase classname="tests.test_new_features.TestPdfReportGeneration" name="test_pdf_report_returns_valid_pdf_data" time="0.154" /><testcase classname="tests.test_new_features.TestPdfReportGeneration" name="test_pdf_report_has_content_disposition_header" time="0.116" /><testcase classname="tests.test_new_features.TestPdfReportGeneration" name="test_pdf_report_returns_404_for_nonexistent_valuation" time="0.106" /><testcase classname="tests.test_new_features.TestListingAnalyzerEndpoint" name="test_listing_analyze_endpoint_exists" time="0.100" /><testcase classname="tests.test_new_features.TestListingAnalyzerEndpoint" name="test_listing_analyze_rejects_unsupported_file_types" time="1.411" /><testcase classname="tests.test_new_features.TestListingAnalyzerEndpoint" name="test_listing_analyze_rejects_csv_file" time="0.102" /><testcase classname="tests.test_new_features.TestListingAnalyzerEndpoint" name="test_listing_analyze_rejects_doc_file" time="0.102" /><testcase classname="tests.test_new_features.TestExistingValuationEndpoints" name="test_get_valuation_returns_data" time="0.133" /><testcase classname="tests.test_new_features.TestExistingValuationEndpoints" name="test_list_valuations_returns_array" time="0.103" /><testcase classname="tests.test_new_features.TestNavigationEndpoints" name="test_algorithm_config_endpoint" time="0.102" /><testcase classname="tests.test_new_features.TestNavigationEndpoints" name="test_address_search_endpoint" time="0.695" /></testsuite></testsuites>