<?xml version="1.0" encoding="utf-8"?><testsuites name="pytest tests"><testsuite name="pytest" errors="0" failures="0" skipped="0" tests="24" time="36.906" timestamp="2026-04-09T14:52:07.930451+00:00" hostname="agent-env-b99064ef-8668-4386-8e90-0660001faafd"><testcase classname="backend.tests.test_suburban_expansion.TestAddressSearchSuburban" name="test_search_neuilly_with_postal_code" time="0.642" /><testcase classname="backend.tests.test_suburban_expansion.TestAddressSearchSuburban" name="test_search_avenue_charles_de_gaulle_neuilly" time="1.834" /><testcase classname="backend.tests.test_suburban_expansion.TestAddressSearchSuburban" name="test_search_boulogne" time="0.540" /><testcase classname="backend.tests.test_suburban_expansion.TestAddressSearchSuburban" name="test_search_montreuil_93" time="0.553" /><testcase classname="backend.tests.test_suburban_expansion.TestAddressSearchSuburban" name="test_search_vincennes_94" time="1.550" /><testcase classname="backend.tests.test_suburban_expansion.TestAddressSearchSuburban" name="test_search_filters_non_idf" time="0.661" /><testcase classname="backend.tests.test_suburban_expansion.TestAddressSearchSuburban" name="test_search_paris_still_works" time="0.539" /><testcase classname="backend.tests.test_suburban_expansion.TestValuationSuburban" name="test_neuilly_valuation_zone_label" time="2.979" /><testcase classname="backend.tests.test_suburban_expansion.TestValuationSuburban" name="test_neuilly_valuation_is_paris_false" time="1.881" /><testcase classname="backend.tests.test_suburban_expansion.TestValuationSuburban" name="test_neuilly_valuation_has_comparables" time="1.685" /><testcase classname="backend.tests.test_suburban_expansion.TestValuationSuburban" name="test_paris_valuation_zone_label" time="2.016" /><testcase classname="backend.tests.test_suburban_expansion.TestValuationSuburban" name="test_paris_valuation_is_paris_true" time="1.745" /><testcase classname="backend.tests.test_suburban_expansion.TestValuationSuburban" name="test_montreuil_valuation" time="2.592" /><testcase classname="backend.tests.test_suburban_expansion.TestValuationSuburban" name="test_vincennes_valuation" time="2.893" /><testcase classname="backend.tests.test_suburban_expansion.TestCircleStatsAndReliability" name="test_valuation_has_circle_stats" time="1.460" /><testcase classname="backend.tests.test_suburban_expansion.TestCircleStatsAndReliability" name="test_comparables_have_circle_field" time="1.702" /><testcase classname="backend.tests.test_suburban_expansion.TestCircleStatsAndReliability" name="test_reliability_indicator_values" time="1.343" /><testcase classname="backend.tests.test_suburban_expansion.TestPdfReport" name="test_pdf_report_generation" time="1.633" /><testcase classname="backend.tests.test_suburban_expansion.TestPdfReport" name="test_pdf_report_nonexistent" time="0.149" /><testcase classname="backend.tests.test_suburban_expansion.TestRecalculate" name="test_recalculate_with_exclusions" time="2.596" /><testcase classname="backend.tests.test_suburban_expansion.TestRecalculate" name="test_recalculate_nonexistent_valuation" time="0.131" /><testcase classname="backend.tests.test_suburban_expansion.TestZoneClassification" name="test_paris_central_zone" time="1.461" /><testcase classname="backend.tests.test_suburban_expansion.TestZoneClassification" name="test_neuilly_intermediate_zone" time="1.394" /><testcase classname="backend.tests.test_suburban_expansion.TestZoneClassification" name="test_creteil_peripheral_zone" time="2.860" /></testsuite></testsuites>