<?xml version="1.0" encoding="utf-8"?><testsuites name="pytest tests"><testsuite name="pytest" errors="0" failures="0" skipped="0" tests="15" time="15.075" timestamp="2026-04-09T12:27:22.614654+00:00" hostname="agent-env-b99064ef-8668-4386-8e90-0660001faafd"><testcase classname="backend.tests.test_dvf_filtering.TestDVFFreshness" name="test_estimate_returns_only_recent_transactions" time="1.610" /><testcase classname="backend.tests.test_dvf_filtering.TestDVFFreshness" name="test_comparables_period_is_24_months" time="1.368" /><testcase classname="backend.tests.test_dvf_filtering.TestRelevanceScore" name="test_comparables_have_relevance_score" time="1.332" /><testcase classname="backend.tests.test_dvf_filtering.TestRelevanceScore" name="test_comparables_sorted_by_relevance" time="1.307" /><testcase classname="backend.tests.test_dvf_filtering.TestExcludedComparables" name="test_excluded_comparables_returned" time="1.359" /><testcase classname="backend.tests.test_dvf_filtering.TestExcludedComparables" name="test_excluded_comparables_have_reasons" time="1.348" /><testcase classname="backend.tests.test_dvf_filtering.TestExcludedComparables" name="test_total_excluded_in_market_data" time="1.288" /><testcase classname="backend.tests.test_dvf_filtering.TestCrossCalibrationWarning" name="test_cross_calibration_warning_returned" time="1.802" /><testcase classname="backend.tests.test_dvf_filtering.TestRecalculateEndpoint" name="test_recalculate_with_empty_exclusions" time="0.965" /><testcase classname="backend.tests.test_dvf_filtering.TestRecalculateEndpoint" name="test_recalculate_with_excluded_ids" time="1.924" /><testcase classname="backend.tests.test_dvf_filtering.TestRecalculateEndpoint" name="test_recalculate_nonexistent_valuation" time="0.155" /><testcase classname="backend.tests.test_dvf_filtering.TestPDFReports" name="test_report_pdf_endpoint" time="0.123" /><testcase classname="backend.tests.test_dvf_filtering.TestPDFReports" name="test_report_pdf_nonexistent" time="0.143" /><testcase classname="backend.tests.test_dvf_filtering.TestPDFReports" name="test_listing_report_pdf_nonexistent" time="0.137" /><testcase classname="backend.tests.test_dvf_filtering.TestExistingValuation" name="test_existing_valuation_has_new_fields" time="0.126" /></testsuite></testsuites>