<?xml version="1.0" encoding="utf-8"?><testsuites name="pytest tests"><testsuite name="pytest" errors="0" failures="0" skipped="0" tests="12" time="8.070" timestamp="2026-04-09T12:03:10.495843+00:00" hostname="agent-env-b99064ef-8668-4386-8e90-0660001faafd"><testcase classname="backend.tests.test_valuation_engine.TestValuationEstimateEndpoint" name="test_estimate_returns_200" time="1.500" /><testcase classname="backend.tests.test_valuation_engine.TestValuationEstimateEndpoint" name="test_estimate_returns_search_radius_m" time="1.304" /><testcase classname="backend.tests.test_valuation_engine.TestValuationEstimateEndpoint" name="test_estimate_returns_micro_score" time="1.183" /><testcase classname="backend.tests.test_valuation_engine.TestValuationEstimateEndpoint" name="test_estimate_comparables_have_distance_m" time="1.333" /><testcase classname="backend.tests.test_valuation_engine.TestValuationEstimateEndpoint" name="test_estimate_base_source_mentions_mediane_ponderee" time="1.286" /><testcase classname="backend.tests.test_valuation_engine.TestPdfReportEndpoints" name="test_valuation_pdf_returns_200" time="0.135" /><testcase classname="backend.tests.test_valuation_engine.TestPdfReportEndpoints" name="test_valuation_pdf_returns_404_for_nonexistent" time="0.140" /><testcase classname="backend.tests.test_valuation_engine.TestPdfReportEndpoints" name="test_listing_pdf_returns_404_for_nonexistent" time="0.136" /><testcase classname="backend.tests.test_valuation_engine.TestExistingEndpoints" name="test_health_check" time="0.102" /><testcase classname="backend.tests.test_valuation_engine.TestExistingEndpoints" name="test_address_search" time="0.599" /><testcase classname="backend.tests.test_valuation_engine.TestExistingEndpoints" name="test_get_valuation" time="0.146" /><testcase classname="backend.tests.test_valuation_engine.TestExistingEndpoints" name="test_list_valuations" time="0.119" /></testsuite></testsuites>